[debug] [2023-09-16T04:35:18.153Z] ----------------------------------------------------------------------
[debug] [2023-09-16T04:35:18.154Z] Command:       /opt/homebrew/Cellar/node@18/18.16.1_1/bin/node /opt/homebrew/bin/firebase deploy --only functions
[debug] [2023-09-16T04:35:18.154Z] CLI Version:   12.5.4
[debug] [2023-09-16T04:35:18.155Z] Platform:      darwin
[debug] [2023-09-16T04:35:18.155Z] Node Version:  v18.16.1
[debug] [2023-09-16T04:35:18.155Z] Time:          Fri Sep 15 2023 23:35:18 GMT-0500 (Central Daylight Time)
[debug] [2023-09-16T04:35:18.156Z] ----------------------------------------------------------------------
[debug] 
[debug] [2023-09-16T04:35:18.202Z] > command requires scopes: ["email","openid","https://www.googleapis.com/auth/cloudplatformprojects.readonly","https://www.googleapis.com/auth/firebase","https://www.googleapis.com/auth/cloud-platform"]
[debug] [2023-09-16T04:35:18.202Z] > authorizing via signed-in user (emily@sturman.org)
[debug] [2023-09-16T04:35:18.202Z] [iam] checking project org-assistant for permissions ["cloudfunctions.functions.create","cloudfunctions.functions.delete","cloudfunctions.functions.get","cloudfunctions.functions.list","cloudfunctions.functions.update","cloudfunctions.operations.get","firebase.projects.get"]
[debug] [2023-09-16T04:35:18.203Z] >>> [apiv2][query] POST https://cloudresourcemanager.googleapis.com/v1/projects/org-assistant:testIamPermissions [none]
[debug] [2023-09-16T04:35:18.203Z] >>> [apiv2][(partial)header] POST https://cloudresourcemanager.googleapis.com/v1/projects/org-assistant:testIamPermissions x-goog-quota-user=projects/org-assistant
[debug] [2023-09-16T04:35:18.204Z] >>> [apiv2][body] POST https://cloudresourcemanager.googleapis.com/v1/projects/org-assistant:testIamPermissions {"permissions":["cloudfunctions.functions.create","cloudfunctions.functions.delete","cloudfunctions.functions.get","cloudfunctions.functions.list","cloudfunctions.functions.update","cloudfunctions.operations.get","firebase.projects.get"]}
[debug] [2023-09-16T04:35:18.405Z] <<< [apiv2][status] POST https://cloudresourcemanager.googleapis.com/v1/projects/org-assistant:testIamPermissions 200
[debug] [2023-09-16T04:35:18.406Z] <<< [apiv2][body] POST https://cloudresourcemanager.googleapis.com/v1/projects/org-assistant:testIamPermissions {"permissions":["cloudfunctions.functions.create","cloudfunctions.functions.delete","cloudfunctions.functions.get","cloudfunctions.functions.list","cloudfunctions.functions.update","cloudfunctions.operations.get","firebase.projects.get"]}
[debug] [2023-09-16T04:35:18.406Z] >>> [apiv2][query] POST https://iam.googleapis.com/v1/projects/org-assistant/serviceAccounts/org-assistant@appspot.gserviceaccount.com:testIamPermissions [none]
[debug] [2023-09-16T04:35:18.406Z] >>> [apiv2][body] POST https://iam.googleapis.com/v1/projects/org-assistant/serviceAccounts/org-assistant@appspot.gserviceaccount.com:testIamPermissions {"permissions":["iam.serviceAccounts.actAs"]}
[debug] [2023-09-16T04:35:18.571Z] <<< [apiv2][status] POST https://iam.googleapis.com/v1/projects/org-assistant/serviceAccounts/org-assistant@appspot.gserviceaccount.com:testIamPermissions 200
[debug] [2023-09-16T04:35:18.572Z] <<< [apiv2][body] POST https://iam.googleapis.com/v1/projects/org-assistant/serviceAccounts/org-assistant@appspot.gserviceaccount.com:testIamPermissions {"permissions":["iam.serviceAccounts.actAs"]}
[info] 
[info] === Deploying to 'org-assistant'...
[info] 
[info] i  deploying functions 
[info] Running command: npm --prefix "$RESOURCE_DIR" run lint
[info] Running command: npm --prefix "$RESOURCE_DIR" run build
[info] ✔  functions: Finished running predeploy script. 
[debug] [2023-09-16T04:35:25.138Z] >>> [apiv2][query] GET https://firebase.googleapis.com/v1beta1/projects/org-assistant [none]
[debug] [2023-09-16T04:35:25.346Z] <<< [apiv2][status] GET https://firebase.googleapis.com/v1beta1/projects/org-assistant 200
[debug] [2023-09-16T04:35:25.346Z] <<< [apiv2][body] GET https://firebase.googleapis.com/v1beta1/projects/org-assistant {"projectId":"org-assistant","projectNumber":"45876267496","displayName":"Org Assistant","name":"projects/org-assistant","resources":{"hostingSite":"org-assistant","storageBucket":"org-assistant.appspot.com","locationId":"us-central"},"state":"ACTIVE","etag":"1_8921a57e-55b8-4535-98aa-ebf65f310074"}
[info] i  functions: preparing codebase default for deployment 
[info] i  functions: ensuring required API cloudfunctions.googleapis.com is enabled... 
[info] i  functions: ensuring required API cloudbuild.googleapis.com is enabled... 
[info] i  artifactregistry: ensuring required API artifactregistry.googleapis.com is enabled... 
[debug] [2023-09-16T04:35:25.348Z] >>> [apiv2][query] GET https://serviceusage.googleapis.com/v1/projects/org-assistant/services/cloudfunctions.googleapis.com [none]
[debug] [2023-09-16T04:35:25.348Z] >>> [apiv2][(partial)header] GET https://serviceusage.googleapis.com/v1/projects/org-assistant/services/cloudfunctions.googleapis.com x-goog-quota-user=projects/org-assistant
[debug] [2023-09-16T04:35:25.349Z] >>> [apiv2][query] GET https://serviceusage.googleapis.com/v1/projects/org-assistant/services/runtimeconfig.googleapis.com [none]
[debug] [2023-09-16T04:35:25.349Z] >>> [apiv2][(partial)header] GET https://serviceusage.googleapis.com/v1/projects/org-assistant/services/runtimeconfig.googleapis.com x-goog-quota-user=projects/org-assistant
[debug] [2023-09-16T04:35:25.350Z] >>> [apiv2][query] GET https://serviceusage.googleapis.com/v1/projects/org-assistant/services/cloudbuild.googleapis.com [none]
[debug] [2023-09-16T04:35:25.350Z] >>> [apiv2][(partial)header] GET https://serviceusage.googleapis.com/v1/projects/org-assistant/services/cloudbuild.googleapis.com x-goog-quota-user=projects/org-assistant
[debug] [2023-09-16T04:35:25.351Z] >>> [apiv2][query] GET https://serviceusage.googleapis.com/v1/projects/org-assistant/services/artifactregistry.googleapis.com [none]
[debug] [2023-09-16T04:35:25.351Z] >>> [apiv2][(partial)header] GET https://serviceusage.googleapis.com/v1/projects/org-assistant/services/artifactregistry.googleapis.com x-goog-quota-user=projects/org-assistant
[debug] [2023-09-16T04:35:25.609Z] <<< [apiv2][status] GET https://serviceusage.googleapis.com/v1/projects/org-assistant/services/runtimeconfig.googleapis.com 200
[debug] [2023-09-16T04:35:25.609Z] <<< [apiv2][body] GET https://serviceusage.googleapis.com/v1/projects/org-assistant/services/runtimeconfig.googleapis.com [omitted]
[debug] [2023-09-16T04:35:25.612Z] <<< [apiv2][status] GET https://serviceusage.googleapis.com/v1/projects/org-assistant/services/cloudfunctions.googleapis.com 200
[debug] [2023-09-16T04:35:25.612Z] <<< [apiv2][body] GET https://serviceusage.googleapis.com/v1/projects/org-assistant/services/cloudfunctions.googleapis.com [omitted]
[info] ✔  functions: required API cloudfunctions.googleapis.com is enabled 
[debug] [2023-09-16T04:35:25.613Z] <<< [apiv2][status] GET https://serviceusage.googleapis.com/v1/projects/org-assistant/services/artifactregistry.googleapis.com 200
[debug] [2023-09-16T04:35:25.613Z] <<< [apiv2][body] GET https://serviceusage.googleapis.com/v1/projects/org-assistant/services/artifactregistry.googleapis.com [omitted]
[info] ✔  artifactregistry: required API artifactregistry.googleapis.com is enabled 
[debug] [2023-09-16T04:35:25.615Z] <<< [apiv2][status] GET https://serviceusage.googleapis.com/v1/projects/org-assistant/services/cloudbuild.googleapis.com 200
[debug] [2023-09-16T04:35:25.615Z] <<< [apiv2][body] GET https://serviceusage.googleapis.com/v1/projects/org-assistant/services/cloudbuild.googleapis.com [omitted]
[info] ✔  functions: required API cloudbuild.googleapis.com is enabled 
[debug] [2023-09-16T04:35:25.615Z] >>> [apiv2][query] GET https://firebase.googleapis.com/v1beta1/projects/org-assistant/adminSdkConfig [none]
[debug] [2023-09-16T04:35:25.833Z] <<< [apiv2][status] GET https://firebase.googleapis.com/v1beta1/projects/org-assistant/adminSdkConfig 200
[debug] [2023-09-16T04:35:25.833Z] <<< [apiv2][body] GET https://firebase.googleapis.com/v1beta1/projects/org-assistant/adminSdkConfig {"projectId":"org-assistant","storageBucket":"org-assistant.appspot.com","locationId":"us-central"}
[debug] [2023-09-16T04:35:25.834Z] >>> [apiv2][query] GET https://runtimeconfig.googleapis.com/v1beta1/projects/org-assistant/configs [none]
[debug] [2023-09-16T04:35:26.099Z] <<< [apiv2][status] GET https://runtimeconfig.googleapis.com/v1beta1/projects/org-assistant/configs 200
[debug] [2023-09-16T04:35:26.100Z] <<< [apiv2][body] GET https://runtimeconfig.googleapis.com/v1beta1/projects/org-assistant/configs {}
[debug] [2023-09-16T04:35:26.102Z] Validating nodejs source
[debug] [2023-09-16T04:35:26.698Z] > [functions] package.json contents: {
  "name": "functions",
  "scripts": {
    "lint": "eslint --ext .ts .",
    "build": "tsc",
    "build:watch": "tsc --watch",
    "serve": "npm run build && firebase emulators:start --only functions",
    "shell": "npm run build && firebase functions:shell",
    "start": "npm run shell",
    "deploy": "firebase deploy --only functions",
    "logs": "firebase functions:log"
  },
  "engines": {
    "node": "18"
  },
  "main": "lib/index.js",
  "dependencies": {
    "firebase-admin": "^11.8.0",
    "firebase-functions": "^4.3.1"
  },
  "devDependencies": {
    "@typescript-eslint/eslint-plugin": "^5.12.0",
    "@typescript-eslint/parser": "^5.12.0",
    "eslint": "^8.9.0",
    "eslint-config-google": "^0.14.0",
    "eslint-plugin-import": "^2.25.4",
    "firebase-functions-test": "^3.1.0",
    "typescript": "^4.9.0"
  },
  "private": true
}
[debug] [2023-09-16T04:35:26.698Z] Building nodejs source
[info] i  functions: Loading and analyzing source code for codebase default to determine what to deploy 
[debug] [2023-09-16T04:35:26.699Z] Could not find functions.yaml. Must use http discovery
[debug] [2023-09-16T04:35:26.704Z] Found firebase-functions binary at '/Users/emilysturman/Github/Org-Assistant/functions/node_modules/.bin/firebase-functions'
[info] Serving at port 8818

[debug] [2023-09-16T04:35:26.936Z] Got response from /__/functions.yaml {"endpoints":{"getEvents":{"availableMemoryMb":null,"timeoutSeconds":null,"minInstances":null,"maxInstances":null,"ingressSettings":null,"concurrency":null,"serviceAccountEmail":null,"vpc":null,"platform":"gcfv2","labels":{},"httpsTrigger":{},"entryPoint":"getEvents"},"linkEvents":{"availableMemoryMb":null,"timeoutSeconds":null,"minInstances":null,"maxInstances":null,"ingressSettings":null,"concurrency":null,"serviceAccountEmail":null,"vpc":null,"platform":"gcfv2","labels":{},"callableTrigger":{},"entryPoint":"linkEvents"},"updateLinkedEvents":{"availableMemoryMb":null,"timeoutSeconds":null,"minInstances":null,"maxInstances":null,"ingressSettings":null,"concurrency":null,"serviceAccountEmail":null,"vpc":null,"platform":"gcfv2","labels":{},"eventTrigger":{"eventType":"google.cloud.firestore.document.v1.updated","eventFilters":{"database":"(default)","namespace":"(default)"},"eventFilterPathPatterns":{"document":"orgs/{orgId}/events/{eventId}"},"retry":false},"entryPoint":"updateLinkedEvents"},"removeLinkedEvent":{"availableMemoryMb":null,"timeoutSeconds":null,"minInstances":null,"maxInstances":null,"ingressSettings":null,"concurrency":null,"serviceAccountEmail":null,"vpc":null,"platform":"gcfv2","labels":{},"eventTrigger":{"eventType":"google.cloud.firestore.document.v1.deleted","eventFilters":{"database":"(default)","namespace":"(default)"},"eventFilterPathPatterns":{"document":"orgs/{orgId}/events/{eventId}"},"retry":false},"entryPoint":"removeLinkedEvent"},"onCreateCheckIn":{"availableMemoryMb":null,"timeoutSeconds":null,"minInstances":null,"maxInstances":null,"ingressSettings":null,"concurrency":null,"serviceAccountEmail":null,"vpc":null,"platform":"gcfv2","labels":{},"eventTrigger":{"eventType":"google.cloud.firestore.document.v1.created","eventFilters":{"database":"(default)","namespace":"(default)"},"eventFilterPathPatterns":{"document":"orgs/{orgId}/checkIns/{checkInId}"},"retry":false},"entryPoint":"onCreateCheckIn"},"onEditCheckIn":{"availableMemoryMb":null,"timeoutSeconds":null,"minInstances":null,"maxInstances":null,"ingressSettings":null,"concurrency":null,"serviceAccountEmail":null,"vpc":null,"platform":"gcfv2","labels":{},"eventTrigger":{"eventType":"google.cloud.firestore.document.v1.updated","eventFilters":{"database":"(default)","namespace":"(default)"},"eventFilterPathPatterns":{"document":"orgs/{orgId}/checkIns/{checkInId}"},"retry":false},"entryPoint":"onEditCheckIn"},"onDeleteCheckIn":{"availableMemoryMb":null,"timeoutSeconds":null,"minInstances":null,"maxInstances":null,"ingressSettings":null,"concurrency":null,"serviceAccountEmail":null,"vpc":null,"platform":"gcfv2","labels":{},"eventTrigger":{"eventType":"google.cloud.firestore.document.v1.deleted","eventFilters":{"database":"(default)","namespace":"(default)"},"eventFilterPathPatterns":{"document":"orgs/{orgId}/checkIns/{checkInId}"},"retry":false},"entryPoint":"onDeleteCheckIn"}},"specVersion":"v1alpha1","requiredAPIs":[]}
[info] shutdown requested via /__/quitquitquit

[info] i  functions: preparing functions directory for uploading... 
[info] i  functions: packaged /Users/emilysturman/Github/Org-Assistant/functions (106.11 KB) for uploading 
[debug] [2023-09-16T04:35:27.009Z] >>> [apiv2][query] GET https://cloudfunctions.googleapis.com/v1/projects/org-assistant/locations/-/functions [none]
[debug] [2023-09-16T04:35:27.495Z] <<< [apiv2][status] GET https://cloudfunctions.googleapis.com/v1/projects/org-assistant/locations/-/functions 200
[debug] [2023-09-16T04:35:27.495Z] <<< [apiv2][body] GET https://cloudfunctions.googleapis.com/v1/projects/org-assistant/locations/-/functions {}
[debug] [2023-09-16T04:35:27.496Z] >>> [apiv2][query] GET https://cloudfunctions.googleapis.com/v2/projects/org-assistant/locations/-/functions filter=environment%3D%22GEN_2%22
[debug] [2023-09-16T04:35:27.952Z] <<< [apiv2][status] GET https://cloudfunctions.googleapis.com/v2/projects/org-assistant/locations/-/functions 200
[debug] [2023-09-16T04:35:27.952Z] <<< [apiv2][body] GET https://cloudfunctions.googleapis.com/v2/projects/org-assistant/locations/-/functions {"functions":[{"name":"projects/org-assistant/locations/us-central1/functions/updateAttendees","buildConfig":{"build":"projects/45876267496/locations/us-central1/builds/ed0d9812-cfd8-4dbb-bb45-470eb9c27598","runtime":"nodejs18","entryPoint":"updateAttendees","source":{"storageSource":{"bucket":"gcf-v2-sources-45876267496-us-central1","object":"updateAttendees/function-source.zip","generation":"1694837453834856"}},"environmentVariables":{"GOOGLE_NODE_RUN_SCRIPTS":""},"sourceProvenance":{"resolvedStorageSource":{"bucket":"gcf-v2-sources-45876267496-us-central1","object":"updateAttendees/function-source.zip","generation":"1694837453834856"}},"dockerRegistry":"ARTIFACT_REGISTRY"},"serviceConfig":{"service":"projects/org-assistant/locations/us-central1/services/updateattendees","timeoutSeconds":60,"environmentVariables":{"FIREBASE_CONFIG":"{\"projectId\":\"org-assistant\",\"storageBucket\":\"org-assistant.appspot.com\",\"locationId\":\"us-central\"}","GCLOUD_PROJECT":"org-assistant","EVENTARC_CLOUD_EVENT_SOURCE":"projects/org-assistant/locations/us-central1/services/updateAttendees"},"maxInstanceCount":100,"ingressSettings":"ALLOW_ALL","uri":"https://updateattendees-ni26mffafq-uc.a.run.app","serviceAccountEmail":"45876267496-compute@developer.gserviceaccount.com","availableMemory":"256Mi","allTrafficOnLatestRevision":true,"revision":"updateattendees-00017-bul","maxInstanceRequestConcurrency":80,"availableCpu":"1"},"state":"ACTIVE","updateTime":"2023-09-16T04:11:49.083683148Z","labels":{"firebase-functions-hash":"983e934866084323fe44d322515f7561926f8595","deployment-tool":"cli-firebase"},"environment":"GEN_2","url":"https://us-central1-org-assistant.cloudfunctions.net/updateAttendees"},{"name":"projects/org-assistant/locations/us-central1/functions/getEvents","buildConfig":{"build":"projects/45876267496/locations/us-central1/builds/4b415eeb-a7d5-4e16-ad39-bf8bf8e9d819","runtime":"nodejs18","entryPoint":"getEvents","source":{"storageSource":{"bucket":"gcf-v2-sources-45876267496-us-central1","object":"getEvents/function-source.zip","generation":"1694837092290582"}},"environmentVariables":{"GOOGLE_NODE_RUN_SCRIPTS":""},"sourceProvenance":{"resolvedStorageSource":{"bucket":"gcf-v2-sources-45876267496-us-central1","object":"getEvents/function-source.zip","generation":"1694837092290582"}},"dockerRegistry":"ARTIFACT_REGISTRY"},"serviceConfig":{"service":"projects/org-assistant/locations/us-central1/services/getevents","timeoutSeconds":60,"environmentVariables":{"FIREBASE_CONFIG":"{\"projectId\":\"org-assistant\",\"storageBucket\":\"org-assistant.appspot.com\",\"locationId\":\"us-central\"}","GCLOUD_PROJECT":"org-assistant","EVENTARC_CLOUD_EVENT_SOURCE":"projects/org-assistant/locations/us-central1/services/getEvents"},"maxInstanceCount":100,"ingressSettings":"ALLOW_ALL","uri":"https://getevents-ni26mffafq-uc.a.run.app","serviceAccountEmail":"45876267496-compute@developer.gserviceaccount.com","availableMemory":"256Mi","allTrafficOnLatestRevision":true,"revision":"getevents-00009-wud","maxInstanceRequestConcurrency":80,"availableCpu":"1"},"state":"ACTIVE","updateTime":"2023-09-16T04:06:10.850669868Z","labels":{"deployment-tool":"cli-firebase","firebase-functions-hash":"4ae24245e00bcc03b8cf495795b912b220d6a30c"},"environment":"GEN_2","url":"https://us-central1-org-assistant.cloudfunctions.net/getEvents"},{"name":"projects/org-assistant/locations/us-central1/functions/onCreateCheckIn","buildConfig":{"build":"projects/45876267496/locations/us-central1/builds/2fc99e7b-1c23-440f-9a20-c999813e53ca","runtime":"nodejs18","entryPoint":"onCreateCheckIn","source":{"storageSource":{"bucket":"gcf-v2-sources-45876267496-us-central1","object":"onCreateCheckIn/function-source.zip","generation":"1694837092303083"}},"environmentVariables":{"GOOGLE_NODE_RUN_SCRIPTS":""},"sourceProvenance":{"resolvedStorageSource":{"bucket":"gcf-v2-sources-45876267496-us-central1","object":"onCreateCheckIn/function-source.zip","generation":"1694837092303083"}},"dockerRegistry":"ARTIFACT_REGISTRY"},"serviceConfig":{"service":"projects/org-assistant/locations/us-central1/services/oncreatecheckin","timeoutSeconds":60,"environmentVariables":{"FIREBASE_CONFIG":"{\"projectId\":\"org-assistant\",\"storageBucket\":\"org-assistant.appspot.com\",\"locationId\":\"us-central\"}","GCLOUD_PROJECT":"org-assistant","EVENTARC_CLOUD_EVENT_SOURCE":"projects/org-assistant/locations/us-central1/services/onCreateCheckIn","FUNCTION_SIGNATURE_TYPE":"cloudevent"},"maxInstanceCount":100,"ingressSettings":"ALLOW_ALL","uri":"https://oncreatecheckin-ni26mffafq-uc.a.run.app","serviceAccountEmail":"45876267496-compute@developer.gserviceaccount.com","availableMemory":"256Mi","allTrafficOnLatestRevision":true,"revision":"oncreatecheckin-00008-xac","maxInstanceRequestConcurrency":80,"availableCpu":"1"},"eventTrigger":{"trigger":"projects/org-assistant/locations/nam5/triggers/oncreatecheckin-355434","triggerRegion":"nam5","eventType":"google.cloud.firestore.document.v1.created","eventFilters":[{"attribute":"namespace","value":"(default)"},{"attribute":"document","value":"orgs/{orgId}/checkIns/{checkInId}","operator":"match-path-pattern"},{"attribute":"database","value":"(default)"}],"pubsubTopic":"projects/org-assistant/topics/eventarc-nam5-oncreatecheckin-355434-149","serviceAccountEmail":"45876267496-compute@developer.gserviceaccount.com","retryPolicy":"RETRY_POLICY_DO_NOT_RETRY"},"state":"ACTIVE","updateTime":"2023-09-16T04:05:43.590683327Z","labels":{"firebase-functions-hash":"4ae24245e00bcc03b8cf495795b912b220d6a30c","deployment-tool":"cli-firebase"},"environment":"GEN_2","url":"https://us-central1-org-assistant.cloudfunctions.net/onCreateCheckIn"},{"name":"projects/org-assistant/locations/us-central1/functions/onDeleteCheckIn","buildConfig":{"build":"projects/45876267496/locations/us-central1/builds/f203d967-44ed-428c-830f-b926ca5feac1","runtime":"nodejs18","entryPoint":"onDeleteCheckIn","source":{"storageSource":{"bucket":"gcf-v2-sources-45876267496-us-central1","object":"onDeleteCheckIn/function-source.zip","generation":"1694837092285609"}},"environmentVariables":{"GOOGLE_NODE_RUN_SCRIPTS":""},"sourceProvenance":{"resolvedStorageSource":{"bucket":"gcf-v2-sources-45876267496-us-central1","object":"onDeleteCheckIn/function-source.zip","generation":"1694837092285609"}},"dockerRegistry":"ARTIFACT_REGISTRY"},"serviceConfig":{"service":"projects/org-assistant/locations/us-central1/services/ondeletecheckin","timeoutSeconds":60,"environmentVariables":{"FIREBASE_CONFIG":"{\"projectId\":\"org-assistant\",\"storageBucket\":\"org-assistant.appspot.com\",\"locationId\":\"us-central\"}","GCLOUD_PROJECT":"org-assistant","EVENTARC_CLOUD_EVENT_SOURCE":"projects/org-assistant/locations/us-central1/services/onDeleteCheckIn","FUNCTION_SIGNATURE_TYPE":"cloudevent"},"maxInstanceCount":100,"ingressSettings":"ALLOW_ALL","uri":"https://ondeletecheckin-ni26mffafq-uc.a.run.app","serviceAccountEmail":"45876267496-compute@developer.gserviceaccount.com","availableMemory":"256Mi","allTrafficOnLatestRevision":true,"revision":"ondeletecheckin-00007-roy","maxInstanceRequestConcurrency":80,"availableCpu":"1"},"eventTrigger":{"trigger":"projects/org-assistant/locations/nam5/triggers/ondeletecheckin-978853","triggerRegion":"nam5","eventType":"google.cloud.firestore.document.v1.deleted","eventFilters":[{"attribute":"database","value":"(default)"},{"attribute":"namespace","value":"(default)"},{"attribute":"document","value":"orgs/{orgId}/checkIns/{checkInId}","operator":"match-path-pattern"}],"pubsubTopic":"projects/org-assistant/topics/eventarc-nam5-ondeletecheckin-978853-460","serviceAccountEmail":"45876267496-compute@developer.gserviceaccount.com","retryPolicy":"RETRY_POLICY_DO_NOT_RETRY"},"state":"ACTIVE","updateTime":"2023-09-16T04:06:35.513627889Z","labels":{"deployment-tool":"cli-firebase","firebase-functions-hash":"4ae24245e00bcc03b8cf495795b912b220d6a30c"},"environment":"GEN_2","url":"https://us-central1-org-assistant.cloudfunctions.net/onDeleteCheckIn"},{"name":"projects/org-assistant/locations/us-central1/functions/onEditCheckIn","buildConfig":{"build":"projects/45876267496/locations/us-central1/builds/58de8bb2-b44b-436f-8da7-bb64f12c26a7","runtime":"nodejs18","entryPoint":"onEditCheckIn","source":{"storageSource":{"bucket":"gcf-v2-sources-45876267496-us-central1","object":"onEditCheckIn/function-source.zip","generation":"1694837092290662"}},"environmentVariables":{"GOOGLE_NODE_RUN_SCRIPTS":""},"sourceProvenance":{"resolvedStorageSource":{"bucket":"gcf-v2-sources-45876267496-us-central1","object":"onEditCheckIn/function-source.zip","generation":"1694837092290662"}},"dockerRegistry":"ARTIFACT_REGISTRY"},"serviceConfig":{"service":"projects/org-assistant/locations/us-central1/services/oneditcheckin","timeoutSeconds":60,"environmentVariables":{"FIREBASE_CONFIG":"{\"projectId\":\"org-assistant\",\"storageBucket\":\"org-assistant.appspot.com\",\"locationId\":\"us-central\"}","GCLOUD_PROJECT":"org-assistant","EVENTARC_CLOUD_EVENT_SOURCE":"projects/org-assistant/locations/us-central1/services/onEditCheckIn","FUNCTION_SIGNATURE_TYPE":"cloudevent"},"maxInstanceCount":100,"ingressSettings":"ALLOW_ALL","uri":"https://oneditcheckin-ni26mffafq-uc.a.run.app","serviceAccountEmail":"45876267496-compute@developer.gserviceaccount.com","availableMemory":"256Mi","allTrafficOnLatestRevision":true,"revision":"oneditcheckin-00006-vix","maxInstanceRequestConcurrency":80,"availableCpu":"1"},"eventTrigger":{"trigger":"projects/org-assistant/locations/nam5/triggers/oneditcheckin-748733","triggerRegion":"nam5","eventType":"google.cloud.firestore.document.v1.updated","eventFilters":[{"attribute":"database","value":"(default)"},{"attribute":"namespace","value":"(default)"},{"attribute":"document","value":"orgs/{orgId}/checkIns/{checkInId}","operator":"match-path-pattern"}],"pubsubTopic":"projects/org-assistant/topics/eventarc-nam5-oneditcheckin-748733-229","serviceAccountEmail":"45876267496-compute@developer.gserviceaccount.com","retryPolicy":"RETRY_POLICY_DO_NOT_RETRY"},"state":"ACTIVE","updateTime":"2023-09-16T04:05:43.749177819Z","labels":{"deployment-tool":"cli-firebase","firebase-functions-hash":"4ae24245e00bcc03b8cf495795b912b220d6a30c"},"environment":"GEN_2","url":"https://us-central1-org-assistant.cloudfunctions.net/onEditCheckIn"},{"name":"projects/org-assistant/locations/us-central1/functions/updateLinkedEvents","buildConfig":{"build":"projects/45876267496/locations/us-central1/builds/42e4e7de-e011-49be-ba7e-e11b445eed7e","runtime":"nodejs18","entryPoint":"updateLinkedEvents","source":{"storageSource":{"bucket":"gcf-v2-sources-45876267496-us-central1","object":"updateLinkedEvents/function-source.zip","generation":"1694837092268704"}},"environmentVariables":{"GOOGLE_NODE_RUN_SCRIPTS":""},"sourceProvenance":{"resolvedStorageSource":{"bucket":"gcf-v2-sources-45876267496-us-central1","object":"updateLinkedEvents/function-source.zip","generation":"1694837092268704"}},"dockerRegistry":"ARTIFACT_REGISTRY"},"serviceConfig":{"service":"projects/org-assistant/locations/us-central1/services/updatelinkedevents","timeoutSeconds":60,"environmentVariables":{"FIREBASE_CONFIG":"{\"projectId\":\"org-assistant\",\"storageBucket\":\"org-assistant.appspot.com\",\"locationId\":\"us-central\"}","GCLOUD_PROJECT":"org-assistant","EVENTARC_CLOUD_EVENT_SOURCE":"projects/org-assistant/locations/us-central1/services/updateLinkedEvents","FUNCTION_SIGNATURE_TYPE":"cloudevent"},"maxInstanceCount":100,"ingressSettings":"ALLOW_ALL","uri":"https://updatelinkedevents-ni26mffafq-uc.a.run.app","serviceAccountEmail":"45876267496-compute@developer.gserviceaccount.com","availableMemory":"256Mi","allTrafficOnLatestRevision":true,"revision":"updatelinkedevents-00005-sal","maxInstanceRequestConcurrency":80,"availableCpu":"1"},"eventTrigger":{"trigger":"projects/org-assistant/locations/nam5/triggers/updatelinkedevents-289353","triggerRegion":"nam5","eventType":"google.cloud.firestore.document.v1.updated","eventFilters":[{"attribute":"document","value":"orgs/{orgId}/events/{eventId}","operator":"match-path-pattern"},{"attribute":"database","value":"(default)"},{"attribute":"namespace","value":"(default)"}],"pubsubTopic":"projects/org-assistant/topics/eventarc-nam5-updatelinkedevents-289353-433","serviceAccountEmail":"45876267496-compute@developer.gserviceaccount.com","retryPolicy":"RETRY_POLICY_DO_NOT_RETRY"},"state":"ACTIVE","updateTime":"2023-09-16T04:06:16.838102813Z","labels":{"firebase-functions-hash":"4ae24245e00bcc03b8cf495795b912b220d6a30c","deployment-tool":"cli-firebase"},"environment":"GEN_2","url":"https://us-central1-org-assistant.cloudfunctions.net/updateLinkedEvents"},{"name":"projects/org-assistant/locations/us-central1/functions/removeLinkedEvent","buildConfig":{"build":"projects/45876267496/locations/us-central1/builds/b4f4413d-c5a8-4d3b-b8ac-ab0e034eba37","runtime":"nodejs18","entryPoint":"removeLinkedEvent","source":{"storageSource":{"bucket":"gcf-v2-sources-45876267496-us-central1","object":"removeLinkedEvent/function-source.zip","generation":"1694837092269297"}},"environmentVariables":{"GOOGLE_NODE_RUN_SCRIPTS":""},"sourceProvenance":{"resolvedStorageSource":{"bucket":"gcf-v2-sources-45876267496-us-central1","object":"removeLinkedEvent/function-source.zip","generation":"1694837092269297"}},"dockerRegistry":"ARTIFACT_REGISTRY"},"serviceConfig":{"service":"projects/org-assistant/locations/us-central1/services/removelinkedevent","timeoutSeconds":60,"environmentVariables":{"FIREBASE_CONFIG":"{\"projectId\":\"org-assistant\",\"storageBucket\":\"org-assistant.appspot.com\",\"locationId\":\"us-central\"}","GCLOUD_PROJECT":"org-assistant","EVENTARC_CLOUD_EVENT_SOURCE":"projects/org-assistant/locations/us-central1/services/removeLinkedEvent","FUNCTION_SIGNATURE_TYPE":"cloudevent"},"maxInstanceCount":100,"ingressSettings":"ALLOW_ALL","uri":"https://removelinkedevent-ni26mffafq-uc.a.run.app","serviceAccountEmail":"45876267496-compute@developer.gserviceaccount.com","availableMemory":"256Mi","allTrafficOnLatestRevision":true,"revision":"removelinkedevent-00005-zuh","maxInstanceRequestConcurrency":80,"availableCpu":"1"},"eventTrigger":{"trigger":"projects/org-assistant/locations/nam5/triggers/removelinkedevent-403087","triggerRegion":"nam5","eventType":"google.cloud.firestore.document.v1.deleted","eventFilters":[{"attribute":"namespace","value":"(default)"},{"attribute":"document","value":"orgs/{orgId}/events/{eventId}","operator":"match-path-pattern"},{"attribute":"database","value":"(default)"}],"pubsubTopic":"projects/org-assistant/topics/eventarc-nam5-removelinkedevent-403087-944","serviceAccountEmail":"45876267496-compute@developer.gserviceaccount.com","retryPolicy":"RETRY_POLICY_DO_NOT_RETRY"},"state":"ACTIVE","updateTime":"2023-09-16T04:05:45.003846660Z","labels":{"firebase-functions-hash":"4ae24245e00bcc03b8cf495795b912b220d6a30c","deployment-tool":"cli-firebase"},"environment":"GEN_2","url":"https://us-central1-org-assistant.cloudfunctions.net/removeLinkedEvent"},{"name":"projects/org-assistant/locations/us-central1/functions/linkEvents","buildConfig":{"build":"projects/45876267496/locations/us-central1/builds/3bd7901f-6825-4771-bda9-9462a7f6f45b","runtime":"nodejs18","entryPoint":"linkEvents","source":{"storageSource":{"bucket":"gcf-v2-sources-45876267496-us-central1","object":"linkEvents/function-source.zip","generation":"1694837092438032"}},"environmentVariables":{"GOOGLE_NODE_RUN_SCRIPTS":""},"sourceProvenance":{"resolvedStorageSource":{"bucket":"gcf-v2-sources-45876267496-us-central1","object":"linkEvents/function-source.zip","generation":"1694837092438032"}},"dockerRegistry":"ARTIFACT_REGISTRY"},"serviceConfig":{"service":"projects/org-assistant/locations/us-central1/services/linkevents","timeoutSeconds":60,"environmentVariables":{"FIREBASE_CONFIG":"{\"projectId\":\"org-assistant\",\"storageBucket\":\"org-assistant.appspot.com\",\"locationId\":\"us-central\"}","GCLOUD_PROJECT":"org-assistant","EVENTARC_CLOUD_EVENT_SOURCE":"projects/org-assistant/locations/us-central1/services/linkEvents"},"maxInstanceCount":100,"ingressSettings":"ALLOW_ALL","uri":"https://linkevents-ni26mffafq-uc.a.run.app","serviceAccountEmail":"45876267496-compute@developer.gserviceaccount.com","availableMemory":"256Mi","allTrafficOnLatestRevision":true,"revision":"linkevents-00002-diz","maxInstanceRequestConcurrency":80,"availableCpu":"1"},"state":"ACTIVE","updateTime":"2023-09-16T04:06:20.532973184Z","labels":{"deployment-tool":"cli-firebase","deployment-callable":"true","firebase-functions-hash":"4ae24245e00bcc03b8cf495795b912b220d6a30c"},"environment":"GEN_2","url":"https://us-central1-org-assistant.cloudfunctions.net/linkEvents"}]}
[debug] [2023-09-16T04:35:27.954Z] >>> [apiv2][query] GET https://firestore.googleapis.com/v1/projects/org-assistant/databases/(default) [none]
[debug] [2023-09-16T04:35:27.955Z] >>> [apiv2][query] GET https://firestore.googleapis.com/v1/projects/org-assistant/databases/(default) [none]
[debug] [2023-09-16T04:35:27.955Z] >>> [apiv2][query] GET https://firestore.googleapis.com/v1/projects/org-assistant/databases/(default) [none]
[debug] [2023-09-16T04:35:27.955Z] >>> [apiv2][query] GET https://firestore.googleapis.com/v1/projects/org-assistant/databases/(default) [none]
[debug] [2023-09-16T04:35:27.956Z] >>> [apiv2][query] GET https://firestore.googleapis.com/v1/projects/org-assistant/databases/(default) [none]
[debug] [2023-09-16T04:35:28.126Z] <<< [apiv2][status] GET https://firestore.googleapis.com/v1/projects/org-assistant/databases/(default) 200
[debug] [2023-09-16T04:35:28.126Z] <<< [apiv2][body] GET https://firestore.googleapis.com/v1/projects/org-assistant/databases/(default) {"name":"projects/org-assistant/databases/(default)","uid":"54f28924-5237-43b4-b91b-85236fa4d77d","createTime":"2022-08-07T03:47:16.930270Z","updateTime":"2022-08-07T03:47:16.930270Z","locationId":"nam5","type":"FIRESTORE_NATIVE","concurrencyMode":"PESSIMISTIC","versionRetentionPeriod":"3600s","earliestVersionTime":"2023-09-16T03:35:28.116659Z","appEngineIntegrationMode":"ENABLED","keyPrefix":"s","pointInTimeRecoveryEnablement":"POINT_IN_TIME_RECOVERY_DISABLED","deleteProtectionState":"DELETE_PROTECTION_DISABLED","etag":"IPqRjIKnroEDMJKmgeO9rYED"}
[debug] [2023-09-16T04:35:28.194Z] <<< [apiv2][status] GET https://firestore.googleapis.com/v1/projects/org-assistant/databases/(default) 200
[debug] [2023-09-16T04:35:28.195Z] <<< [apiv2][body] GET https://firestore.googleapis.com/v1/projects/org-assistant/databases/(default) {"name":"projects/org-assistant/databases/(default)","uid":"54f28924-5237-43b4-b91b-85236fa4d77d","createTime":"2022-08-07T03:47:16.930270Z","updateTime":"2022-08-07T03:47:16.930270Z","locationId":"nam5","type":"FIRESTORE_NATIVE","concurrencyMode":"PESSIMISTIC","versionRetentionPeriod":"3600s","earliestVersionTime":"2023-09-16T03:35:28.184036Z","appEngineIntegrationMode":"ENABLED","keyPrefix":"s","pointInTimeRecoveryEnablement":"POINT_IN_TIME_RECOVERY_DISABLED","deleteProtectionState":"DELETE_PROTECTION_DISABLED","etag":"IKGjkIKnroEDMJKmgeO9rYED"}
[debug] [2023-09-16T04:35:28.196Z] <<< [apiv2][status] GET https://firestore.googleapis.com/v1/projects/org-assistant/databases/(default) 200
[debug] [2023-09-16T04:35:28.196Z] <<< [apiv2][body] GET https://firestore.googleapis.com/v1/projects/org-assistant/databases/(default) {"name":"projects/org-assistant/databases/(default)","uid":"54f28924-5237-43b4-b91b-85236fa4d77d","createTime":"2022-08-07T03:47:16.930270Z","updateTime":"2022-08-07T03:47:16.930270Z","locationId":"nam5","type":"FIRESTORE_NATIVE","concurrencyMode":"PESSIMISTIC","versionRetentionPeriod":"3600s","earliestVersionTime":"2023-09-16T03:35:28.183863Z","appEngineIntegrationMode":"ENABLED","keyPrefix":"s","pointInTimeRecoveryEnablement":"POINT_IN_TIME_RECOVERY_DISABLED","deleteProtectionState":"DELETE_PROTECTION_DISABLED","etag":"IKigkIKnroEDMJKmgeO9rYED"}
[debug] [2023-09-16T04:35:28.255Z] <<< [apiv2][status] GET https://firestore.googleapis.com/v1/projects/org-assistant/databases/(default) 200
[debug] [2023-09-16T04:35:28.255Z] <<< [apiv2][body] GET https://firestore.googleapis.com/v1/projects/org-assistant/databases/(default) {"name":"projects/org-assistant/databases/(default)","uid":"54f28924-5237-43b4-b91b-85236fa4d77d","createTime":"2022-08-07T03:47:16.930270Z","updateTime":"2022-08-07T03:47:16.930270Z","locationId":"nam5","type":"FIRESTORE_NATIVE","concurrencyMode":"PESSIMISTIC","versionRetentionPeriod":"3600s","earliestVersionTime":"2023-09-16T03:35:28.242578Z","appEngineIntegrationMode":"ENABLED","keyPrefix":"s","pointInTimeRecoveryEnablement":"POINT_IN_TIME_RECOVERY_DISABLED","deleteProtectionState":"DELETE_PROTECTION_DISABLED","etag":"IMvqk4KnroEDMJKmgeO9rYED"}
[debug] [2023-09-16T04:35:28.262Z] <<< [apiv2][status] GET https://firestore.googleapis.com/v1/projects/org-assistant/databases/(default) 200
[debug] [2023-09-16T04:35:28.262Z] <<< [apiv2][body] GET https://firestore.googleapis.com/v1/projects/org-assistant/databases/(default) {"name":"projects/org-assistant/databases/(default)","uid":"54f28924-5237-43b4-b91b-85236fa4d77d","createTime":"2022-08-07T03:47:16.930270Z","updateTime":"2022-08-07T03:47:16.930270Z","locationId":"nam5","type":"FIRESTORE_NATIVE","concurrencyMode":"PESSIMISTIC","versionRetentionPeriod":"3600s","earliestVersionTime":"2023-09-16T03:35:28.215959Z","appEngineIntegrationMode":"ENABLED","keyPrefix":"s","pointInTimeRecoveryEnablement":"POINT_IN_TIME_RECOVERY_DISABLED","deleteProtectionState":"DELETE_PROTECTION_DISABLED","etag":"IOiakoKnroEDMJKmgeO9rYED"}
[info] i  functions: ensuring required API run.googleapis.com is enabled... 
[info] i  functions: ensuring required API eventarc.googleapis.com is enabled... 
[info] i  functions: ensuring required API pubsub.googleapis.com is enabled... 
[info] i  functions: ensuring required API storage.googleapis.com is enabled... 
[debug] [2023-09-16T04:35:28.265Z] >>> [apiv2][query] GET https://serviceusage.googleapis.com/v1/projects/org-assistant/services/run.googleapis.com [none]
[debug] [2023-09-16T04:35:28.265Z] >>> [apiv2][(partial)header] GET https://serviceusage.googleapis.com/v1/projects/org-assistant/services/run.googleapis.com x-goog-quota-user=projects/org-assistant
[debug] [2023-09-16T04:35:28.266Z] >>> [apiv2][query] GET https://serviceusage.googleapis.com/v1/projects/org-assistant/services/eventarc.googleapis.com [none]
[debug] [2023-09-16T04:35:28.266Z] >>> [apiv2][(partial)header] GET https://serviceusage.googleapis.com/v1/projects/org-assistant/services/eventarc.googleapis.com x-goog-quota-user=projects/org-assistant
[debug] [2023-09-16T04:35:28.267Z] >>> [apiv2][query] GET https://serviceusage.googleapis.com/v1/projects/org-assistant/services/pubsub.googleapis.com [none]
[debug] [2023-09-16T04:35:28.267Z] >>> [apiv2][(partial)header] GET https://serviceusage.googleapis.com/v1/projects/org-assistant/services/pubsub.googleapis.com x-goog-quota-user=projects/org-assistant
[debug] [2023-09-16T04:35:28.268Z] >>> [apiv2][query] GET https://serviceusage.googleapis.com/v1/projects/org-assistant/services/storage.googleapis.com [none]
[debug] [2023-09-16T04:35:28.268Z] >>> [apiv2][(partial)header] GET https://serviceusage.googleapis.com/v1/projects/org-assistant/services/storage.googleapis.com x-goog-quota-user=projects/org-assistant
[debug] [2023-09-16T04:35:28.442Z] <<< [apiv2][status] GET https://serviceusage.googleapis.com/v1/projects/org-assistant/services/run.googleapis.com 200
[debug] [2023-09-16T04:35:28.442Z] <<< [apiv2][body] GET https://serviceusage.googleapis.com/v1/projects/org-assistant/services/run.googleapis.com [omitted]
[info] ✔  functions: required API run.googleapis.com is enabled 
[debug] [2023-09-16T04:35:28.455Z] <<< [apiv2][status] GET https://serviceusage.googleapis.com/v1/projects/org-assistant/services/storage.googleapis.com 200
[debug] [2023-09-16T04:35:28.455Z] <<< [apiv2][body] GET https://serviceusage.googleapis.com/v1/projects/org-assistant/services/storage.googleapis.com [omitted]
[info] ✔  functions: required API storage.googleapis.com is enabled 
[debug] [2023-09-16T04:35:28.459Z] <<< [apiv2][status] GET https://serviceusage.googleapis.com/v1/projects/org-assistant/services/eventarc.googleapis.com 200
[debug] [2023-09-16T04:35:28.459Z] <<< [apiv2][body] GET https://serviceusage.googleapis.com/v1/projects/org-assistant/services/eventarc.googleapis.com [omitted]
[info] ✔  functions: required API eventarc.googleapis.com is enabled 
[debug] [2023-09-16T04:35:28.461Z] <<< [apiv2][status] GET https://serviceusage.googleapis.com/v1/projects/org-assistant/services/pubsub.googleapis.com 200
[debug] [2023-09-16T04:35:28.461Z] <<< [apiv2][body] GET https://serviceusage.googleapis.com/v1/projects/org-assistant/services/pubsub.googleapis.com [omitted]
[info] ✔  functions: required API pubsub.googleapis.com is enabled 
[info] i  functions: generating the service identity for pubsub.googleapis.com... 
[info] i  functions: generating the service identity for eventarc.googleapis.com... 
[debug] [2023-09-16T04:35:28.461Z] >>> [apiv2][query] POST https://serviceusage.googleapis.com/v1beta1/projects/45876267496/services/pubsub.googleapis.com:generateServiceIdentity [none]
[debug] [2023-09-16T04:35:28.462Z] >>> [apiv2][query] POST https://serviceusage.googleapis.com/v1beta1/projects/45876267496/services/eventarc.googleapis.com:generateServiceIdentity [none]
